Building DAG of jobs...
Using shell: /usr/bin/bash
Provided cores: 1 (use --cores to define parallelism)
Rules claiming more threads will be scaled down.
Job stats:
job              count
-------------  -------
apply_cutflow        1
total                1

Select jobs to execute...

[Sun Oct  1 16:12:25 2023]
rule apply_cutflow:
    input: /home/zyberg/CERN/0REAL/z0-mu/data/2011Up.root
    output: /home/zyberg/CERN/0REAL/z0-mu/src/workflow/intermediate-data/after-cut/2011UpCut.root
    jobid: 0
    reason: Missing output files: /home/zyberg/CERN/0REAL/z0-mu/src/workflow/intermediate-data/after-cut/2011UpCut.root
    resources: tmpdir=/tmp

[Sun Oct  1 16:12:28 2023]
Finished job 0.
1 of 1 steps (100%) done
Complete log: .snakemake/log/2023-10-01T161225.666685.snakemake.log
