Building DAG of jobs...
Using shell: /usr/bin/bash
Provided cores: 1 (use --cores to define parallelism)
Rules claiming more threads will be scaled down.
Job stats:
job              count
-------------  -------
apply_cutflow        1
draw_ZMM             1
total                2

Select jobs to execute...

[Sun Oct  1 16:19:08 2023]
rule apply_cutflow:
    input: /home/zyberg/CERN/0REAL/z0-mu/data/2011Up.root
    output: /home/zyberg/CERN/0REAL/z0-mu/src/workflow/intermediate-data/after-cut/2011UpCut.root
    jobid: 1
    reason: Missing output files: /home/zyberg/CERN/0REAL/z0-mu/src/workflow/intermediate-data/after-cut/2011UpCut.root
    resources: tmpdir=/tmp

[Sun Oct  1 16:19:10 2023]
Finished job 1.
1 of 2 steps (50%) done
Select jobs to execute...

[Sun Oct  1 16:19:10 2023]
rule draw_ZMM:
    input: /home/zyberg/CERN/0REAL/z0-mu/src/workflow/intermediate-data/after-cut/2011UpCut.root
    output: /home/zyberg/CERN/0REAL/z0-mu/src/results/Z_MM.png
    jobid: 0
    reason: Missing output files: /home/zyberg/CERN/0REAL/z0-mu/src/results/Z_MM.png; Input files updated by another job: /home/zyberg/CERN/0REAL/z0-mu/src/workflow/intermediate-data/after-cut/2011UpCut.root
    resources: tmpdir=/tmp

[Sun Oct  1 16:19:11 2023]
Error in rule draw_ZMM:
    jobid: 0
    input: /home/zyberg/CERN/0REAL/z0-mu/src/workflow/intermediate-data/after-cut/2011UpCut.root
    output: /home/zyberg/CERN/0REAL/z0-mu/src/results/Z_MM.png
    shell:
        cd scripts && root -q 'drawZMM.C("/home/zyberg/CERN/0REAL/z0-mu/src/workflow/intermediate-data/after-cut/2011UpCut.root", 100, 0, 140000, "/home/zyberg/CERN/0REAL/z0-mu/src/results/Z_MM.png")'
        (one of the commands exited with non-zero exit code; note that snakemake uses bash strict mode!)

Shutting down, this might take some time.
Exiting because a job execution failed. Look above for error message
Complete log: .snakemake/log/2023-10-01T161907.548138.snakemake.log
