Building DAG of jobs...
Using shell: /usr/bin/bash
Provided cores: 1 (use --cores to define parallelism)
Rules claiming more threads will be scaled down.
Job stats:
job              count
-------------  -------
apply_cutflow        1
total                1

Select jobs to execute...

[Sun Oct  1 16:05:14 2023]
rule apply_cutflow:
    input: ../../data/2011Up.root
    output: intermediate-data/after-cut/2011UpCut.root
    jobid: 0
    reason: Missing output files: intermediate-data/after-cut/2011UpCut.root
    resources: tmpdir=/tmp

Waiting at most 5 seconds for missing files.
MissingOutputException in rule apply_cutflow in file /home/zyberg/CERN/0REAL/z0-mu/src/workflow/Snakefile, line 32:
Job 0 completed successfully, but some output files are missing. Missing files after 5 seconds. This might be due to filesystem latency. If that is the case, consider to increase the wait time with --latency-wait:
intermediate-data/after-cut/2011UpCut.root
Shutting down, this might take some time.
Exiting because a job execution failed. Look above for error message
Complete log: .snakemake/log/2023-10-01T160513.940199.snakemake.log
